<?xml version="1.0" encoding="UTF-8"?>
<testng-results ignored="0" total="1" passed="1" failed="0" skipped="0">
  <reporter-output>
  </reporter-output>
  <suite started-at="2024-10-30T10:15:39 IST" name="Default suite" finished-at="2024-10-30T10:15:48 IST" duration-ms="9034">
    <groups>
    </groups>
    <test started-at="2024-10-30T10:15:39 IST" name="Default test" finished-at="2024-10-30T10:15:48 IST" duration-ms="9034">
      <class name="testScripts.PracticeTest4">
        <test-method signature="test()[pri:0, instance:testScripts.PracticeTest4@57d7f8ca]" started-at="2024-10-30T10:15:39 IST" name="test" finished-at="2024-10-30T10:15:48 IST" duration-ms="8945" status="PASS">
          <reporter-output>
          </reporter-output>
        </test-method> <!-- test -->
      </class> <!-- testScripts.PracticeTest4 -->
    </test> <!-- Default test -->
  </suite> <!-- Default suite -->
</testng-results>
